<?xml version="1.0" encoding="UTF-8"?>
<!-- Generated by org.testng.reporters.JUnitXMLReporter -->
<testsuite ignored="2" hostname="DESKTOP-CMMN98B" failures="0" tests="2" name="Test" time="0.621" errors="0" timestamp="10 Aug 2024 03:17:21 GMT">
  <testcase classname="Contact.Contact" name="CreateContect" time="0.505"/>
  <testcase classname="Org.OrgCreate" name="createOrg" time="0.003"/>
  <testcase classname="Contact.Contact" name="clickContact" time="0.0">
    <ignored/>
  </testcase> <!-- clickContact -->
  <testcase classname="Org.OrgCreate" name="clickOrg" time="0.0">
    <ignored/>
  </testcase> <!-- clickOrg -->
</testsuite> <!-- Test -->
