<?xml version="1.0" encoding="UTF-8"?>
<!-- Generated by org.testng.reporters.JUnitXMLReporter -->
<testsuite ignored="4" hostname="DESKTOP-CMMN98B" failures="0" tests="2" name="Test" time="14.349" errors="0" timestamp="2024-08-11T14:18:02 IST">
  <testcase classname="Contact.Contact" name="CreateContect" time="0.013"/>
  <testcase classname="Org.OrgCreate" name="createOrg" time="0.032"/>
  <testcase classname="generic.BaseClass" name="@BeforeSuite configBS" time="0.0">
    <ignored/>
  </testcase> <!-- @BeforeSuite configBS -->
  <testcase classname="generic.BaseClass" name="@AfterSuite configAS" time="0.0">
    <ignored/>
  </testcase> <!-- @AfterSuite configAS -->
  <testcase classname="Org.OrgCreate" name="clickOrg" time="0.0">
    <ignored/>
  </testcase> <!-- clickOrg -->
  <testcase classname="Contact.Contact" name="clickContact" time="0.0">
    <ignored/>
  </testcase> <!-- clickContact -->
</testsuite> <!-- Test -->
