<?xml version="1.0" encoding="UTF-8"?>
<testng-results ignored="1" total="2" passed="1" failed="0" skipped="0">
  <reporter-output>
  </reporter-output>
  <suite started-at="2024-08-09T02:54:11Z" name="Surefire suite" finished-at="2024-08-09T02:54:11Z" duration-ms="119">
    <groups>
      <group name="smoke">
        <method signature="Contact.clickContect()[pri:0, instance:Contact.Contact@5b0abc94]" name="clickContect" class="Contact.Contact"/>
      </group> <!-- smoke -->
    </groups>
    <test started-at="2024-08-09T02:54:11Z" name="Surefire test" finished-at="2024-08-09T02:54:11Z" duration-ms="119">
      <class name="Contact.Contact">
        <test-method is-config="true" signature="configBS()[pri:0, instance:Contact.Contact@5b0abc94]" started-at="2024-08-09T02:54:11Z" name="configBS" finished-at="2024-08-09T02:54:11Z" duration-ms="42" status="PASS">
          <reporter-output>
          </reporter-output>
        </test-method> <!-- configBS -->
        <test-method is-config="true" signature="configBC()[pri:0, instance:Contact.Contact@5b0abc94]" started-at="2024-08-09T02:54:11Z" name="configBC" finished-at="2024-08-09T02:54:11Z" duration-ms="1" status="PASS">
          <reporter-output>
          </reporter-output>
        </test-method> <!-- configBC -->
        <test-method is-config="true" signature="configBM()[pri:0, instance:Contact.Contact@5b0abc94]" started-at="2024-08-09T02:54:11Z" name="configBM" finished-at="2024-08-09T02:54:11Z" duration-ms="0" status="PASS">
          <reporter-output>
          </reporter-output>
        </test-method> <!-- configBM -->
        <test-method signature="clickContect()[pri:0, instance:Contact.Contact@5b0abc94]" started-at="2024-08-09T02:54:11Z" name="clickContect" finished-at="2024-08-09T02:54:11Z" duration-ms="21" status="PASS">
          <reporter-output>
          </reporter-output>
        </test-method> <!-- clickContect -->
        <test-method is-config="true" signature="configAM()[pri:0, instance:Contact.Contact@5b0abc94]" started-at="2024-08-09T02:54:11Z" name="configAM" finished-at="2024-08-09T02:54:11Z" duration-ms="5" status="PASS">
          <reporter-output>
          </reporter-output>
        </test-method> <!-- configAM -->
        <test-method is-config="true" signature="configAC()[pri:0, instance:Contact.Contact@5b0abc94]" started-at="2024-08-09T02:54:11Z" name="configAC" finished-at="2024-08-09T02:54:11Z" duration-ms="0" status="PASS">
          <reporter-output>
          </reporter-output>
        </test-method> <!-- configAC -->
        <test-method is-config="true" signature="configAS()[pri:0, instance:Contact.Contact@5b0abc94]" started-at="2024-08-09T02:54:11Z" name="configAS" finished-at="2024-08-09T02:54:11Z" duration-ms="2" status="PASS">
          <reporter-output>
          </reporter-output>
        </test-method> <!-- configAS -->
      </class> <!-- Contact.Contact -->
    </test> <!-- Surefire test -->
  </suite> <!-- Surefire suite -->
</testng-results>
