<?xml version="1.0" encoding="UTF-8"?>
<testsuite xmlns:xsi="http://www.w3.org/2001/XMLSchema-instance" xsi:noNamespaceSchemaLocation="https://maven.apache.org/surefire/maven-surefire-plugin/xsd/surefire-test-report-3.0.xsd" version="3.0" name="Contact.Contact" time="2.06" tests="1" errors="0" skipped="0" failures="0">
  <properties>
[...]
</properties>
  <testcase name="clickContect" classname="Contact.Contact" time="0.014">
    <system-out><![CDATA[===Connect to DB , Report Config===
==Launch the BROWSER==
=login=
browser Passing from  cmd   :  ===>  null
regression Passing from  cmd   :  ===>  null
evn Passing from  cmd   :  ===>  null
 Smoke Testing ====> Click On Contact module
 ==========  8 : 23 ==============
]]></system-out>
  </testcase>
</testsuite>