<?xml version="1.0" encoding="UTF-8"?>
<testng-results ignored="0" total="2" passed="2" failed="0" skipped="0">
  <reporter-output>
  </reporter-output>
  <suite started-at="2024-08-11T14:37:53 IST" name="Suite" finished-at="2024-08-11T14:38:23 IST" duration-ms="29905">
    <groups>
      <group name="regressionTest">
        <method signature="Contact.CreateContect()[pri:0, instance:Contact.Contact@28cda624]" name="CreateContect" class="Contact.Contact"/>
        <method signature="OrgCreate.createOrg()[pri:0, instance:Org.OrgCreate@5c86a017]" name="createOrg" class="Org.OrgCreate"/>
      </group> <!-- regressionTest -->
    </groups>
    <test started-at="2024-08-11T14:37:53 IST" name="Test" finished-at="2024-08-11T14:38:23 IST" duration-ms="29905">
      <class name="Org.OrgCreate">
        <test-method is-config="true" signature="configBC()[pri:0, instance:Org.OrgCreate@5c86a017]" started-at="2024-08-11T14:38:16 IST" name="configBC" finished-at="2024-08-11T14:38:23 IST" duration-ms="6286" status="PASS">
          <reporter-output>
          </reporter-output>
        </test-method> <!-- configBC -->
        <test-method is-config="true" signature="configBM()[pri:0, instance:Org.OrgCreate@5c86a017]" started-at="2024-08-11T14:38:23 IST" name="configBM" finished-at="2024-08-11T14:38:23 IST" duration-ms="2" status="PASS">
          <reporter-output>
          </reporter-output>
        </test-method> <!-- configBM -->
        <test-method signature="createOrg()[pri:0, instance:Org.OrgCreate@5c86a017]" started-at="2024-08-11T14:38:23 IST" name="createOrg" finished-at="2024-08-11T14:38:23 IST" duration-ms="4" status="PASS">
          <reporter-output>
          </reporter-output>
        </test-method> <!-- createOrg -->
        <test-method is-config="true" signature="configAM()[pri:0, instance:Org.OrgCreate@5c86a017]" started-at="2024-08-11T14:38:23 IST" name="configAM" finished-at="2024-08-11T14:38:23 IST" duration-ms="1" status="PASS">
          <reporter-output>
          </reporter-output>
        </test-method> <!-- configAM -->
        <test-method is-config="true" signature="configAC()[pri:0, instance:Org.OrgCreate@5c86a017]" started-at="2024-08-11T14:38:23 IST" name="configAC" finished-at="2024-08-11T14:38:23 IST" duration-ms="1" status="PASS">
          <reporter-output>
          </reporter-output>
        </test-method> <!-- configAC -->
      </class> <!-- Org.OrgCreate -->
      <class name="Contact.Contact">
        <test-method is-config="true" signature="configBS()[pri:0, instance:Contact.Contact@28cda624]" started-at="2024-08-11T14:37:52 IST" name="configBS" finished-at="2024-08-11T14:37:53 IST" duration-ms="332" status="PASS">
          <reporter-output>
          </reporter-output>
        </test-method> <!-- configBS -->
        <test-method is-config="true" signature="configBC()[pri:0, instance:Contact.Contact@28cda624]" started-at="2024-08-11T14:37:55 IST" name="configBC" finished-at="2024-08-11T14:38:16 IST" duration-ms="20461" status="PASS">
          <reporter-output>
          </reporter-output>
        </test-method> <!-- configBC -->
        <test-method is-config="true" signature="configBM()[pri:0, instance:Contact.Contact@28cda624]" started-at="2024-08-11T14:38:16 IST" name="configBM" finished-at="2024-08-11T14:38:16 IST" duration-ms="3" status="PASS">
          <reporter-output>
          </reporter-output>
        </test-method> <!-- configBM -->
        <test-method signature="CreateContect()[pri:0, instance:Contact.Contact@28cda624]" started-at="2024-08-11T14:38:16 IST" name="CreateContect" finished-at="2024-08-11T14:38:16 IST" duration-ms="10" status="PASS">
          <reporter-output>
          </reporter-output>
        </test-method> <!-- CreateContect -->
        <test-method is-config="true" signature="configAM()[pri:0, instance:Contact.Contact@28cda624]" started-at="2024-08-11T14:38:16 IST" name="configAM" finished-at="2024-08-11T14:38:16 IST" duration-ms="32" status="PASS">
          <reporter-output>
          </reporter-output>
        </test-method> <!-- configAM -->
        <test-method is-config="true" signature="configAC()[pri:0, instance:Contact.Contact@28cda624]" started-at="2024-08-11T14:38:16 IST" name="configAC" finished-at="2024-08-11T14:38:16 IST" duration-ms="1" status="PASS">
          <reporter-output>
          </reporter-output>
        </test-method> <!-- configAC -->
        <test-method is-config="true" signature="configAS()[pri:0, instance:Contact.Contact@28cda624]" started-at="2024-08-11T14:38:25 IST" name="configAS" finished-at="2024-08-11T14:38:25 IST" duration-ms="7" status="PASS">
          <reporter-output>
          </reporter-output>
        </test-method> <!-- configAS -->
      </class> <!-- Contact.Contact -->
    </test> <!-- Test -->
  </suite> <!-- Suite -->
</testng-results>
