<?xml version="1.0" encoding="UTF-8"?>
<testng-results ignored="0" total="2" passed="2" failed="0" skipped="0">
  <reporter-output>
  </reporter-output>
  <suite started-at="2024-08-11T12:29:17 IST" name="Suite" finished-at="2024-08-11T12:29:45 IST" duration-ms="28085">
    <groups>
      <group name="regressionTest">
        <method signature="Contact.CreateContect()[pri:0, instance:Contact.Contact@26df6e3a]" name="CreateContect" class="Contact.Contact"/>
        <method signature="OrgCreate.createOrg()[pri:0, instance:Org.OrgCreate@79c97cb]" name="createOrg" class="Org.OrgCreate"/>
      </group> <!-- regressionTest -->
    </groups>
    <test started-at="2024-08-11T12:29:17 IST" name="Test" finished-at="2024-08-11T12:29:45 IST" duration-ms="28085">
      <class name="Org.OrgCreate">
        <test-method is-config="true" signature="configBC()[pri:0, instance:Org.OrgCreate@79c97cb]" started-at="2024-08-11T12:29:39 IST" name="configBC" finished-at="2024-08-11T12:29:45 IST" duration-ms="5859" status="PASS">
          <reporter-output>
          </reporter-output>
        </test-method> <!-- configBC -->
        <test-method is-config="true" signature="configBM()[pri:0, instance:Org.OrgCreate@79c97cb]" started-at="2024-08-11T12:29:45 IST" name="configBM" finished-at="2024-08-11T12:29:45 IST" duration-ms="1" status="PASS">
          <reporter-output>
          </reporter-output>
        </test-method> <!-- configBM -->
        <test-method signature="createOrg()[pri:0, instance:Org.OrgCreate@79c97cb]" started-at="2024-08-11T12:29:45 IST" name="createOrg" finished-at="2024-08-11T12:29:45 IST" duration-ms="14" status="PASS">
          <reporter-output>
          </reporter-output>
        </test-method> <!-- createOrg -->
        <test-method is-config="true" signature="configAM()[pri:0, instance:Org.OrgCreate@79c97cb]" started-at="2024-08-11T12:29:45 IST" name="configAM" finished-at="2024-08-11T12:29:45 IST" duration-ms="16" status="PASS">
          <reporter-output>
          </reporter-output>
        </test-method> <!-- configAM -->
        <test-method is-config="true" signature="configAC()[pri:0, instance:Org.OrgCreate@79c97cb]" started-at="2024-08-11T12:29:45 IST" name="configAC" finished-at="2024-08-11T12:29:45 IST" duration-ms="23" status="PASS">
          <reporter-output>
          </reporter-output>
        </test-method> <!-- configAC -->
      </class> <!-- Org.OrgCreate -->
      <class name="Contact.Contact">
        <test-method is-config="true" signature="configBS()[pri:0, instance:Contact.Contact@26df6e3a]" started-at="2024-08-11T12:29:16 IST" name="configBS" finished-at="2024-08-11T12:29:17 IST" duration-ms="185" status="PASS">
          <reporter-output>
          </reporter-output>
        </test-method> <!-- configBS -->
        <test-method is-config="true" signature="configBC()[pri:0, instance:Contact.Contact@26df6e3a]" started-at="2024-08-11T12:29:20 IST" name="configBC" finished-at="2024-08-11T12:29:38 IST" duration-ms="18432" status="PASS">
          <reporter-output>
          </reporter-output>
        </test-method> <!-- configBC -->
        <test-method is-config="true" signature="configBM()[pri:0, instance:Contact.Contact@26df6e3a]" started-at="2024-08-11T12:29:39 IST" name="configBM" finished-at="2024-08-11T12:29:39 IST" duration-ms="2" status="PASS">
          <reporter-output>
          </reporter-output>
        </test-method> <!-- configBM -->
        <test-method signature="CreateContect()[pri:0, instance:Contact.Contact@26df6e3a]" started-at="2024-08-11T12:29:39 IST" name="CreateContect" finished-at="2024-08-11T12:29:39 IST" duration-ms="41" status="PASS">
          <reporter-output>
          </reporter-output>
        </test-method> <!-- CreateContect -->
        <test-method is-config="true" signature="configAM()[pri:0, instance:Contact.Contact@26df6e3a]" started-at="2024-08-11T12:29:39 IST" name="configAM" finished-at="2024-08-11T12:29:39 IST" duration-ms="5" status="PASS">
          <reporter-output>
          </reporter-output>
        </test-method> <!-- configAM -->
        <test-method is-config="true" signature="configAC()[pri:0, instance:Contact.Contact@26df6e3a]" started-at="2024-08-11T12:29:39 IST" name="configAC" finished-at="2024-08-11T12:29:39 IST" duration-ms="7" status="PASS">
          <reporter-output>
          </reporter-output>
        </test-method> <!-- configAC -->
        <test-method is-config="true" signature="configAS()[pri:0, instance:Contact.Contact@26df6e3a]" started-at="2024-08-11T12:29:47 IST" name="configAS" finished-at="2024-08-11T12:29:47 IST" duration-ms="1" status="PASS">
          <reporter-output>
          </reporter-output>
        </test-method> <!-- configAS -->
      </class> <!-- Contact.Contact -->
    </test> <!-- Test -->
  </suite> <!-- Suite -->
</testng-results>
